[debug] [2024-04-24T17:07:17.279Z] ----------------------------------------------------------------------
[debug] [2024-04-24T17:07:17.282Z] Command:       C:\Program Files\nodejs\node.exe C:\Users\Viroj\Documents\CUCedt\softwareEng\GitHubActionPractice\node_modules\firebase-tools\lib\bin\firebase.js init
[debug] [2024-04-24T17:07:17.282Z] CLI Version:   13.7.4
[debug] [2024-04-24T17:07:17.282Z] Platform:      win32
[debug] [2024-04-24T17:07:17.282Z] Node Version:  v20.11.1
[debug] [2024-04-24T17:07:17.282Z] Time:          Thu Apr 25 2024 00:07:17 GMT+0700 (Indochina Time)
[debug] [2024-04-24T17:07:17.283Z] ----------------------------------------------------------------------
[debug] 
[debug] [2024-04-24T17:07:17.349Z] > command requires scopes: ["email","openid","https://www.googleapis.com/auth/cloudplatformprojects.readonly","https://www.googleapis.com/auth/firebase","https://www.googleapis.com/auth/cloud-platform"]
[debug] [2024-04-24T17:07:17.350Z] > authorizing via signed-in user (6633243421@student.chula.ac.th)
[info] 
     ######## #### ########  ######## ########     ###     ######  ########
     ##        ##  ##     ## ##       ##     ##  ##   ##  ##       ##
     ######    ##  ########  ######   ########  #########  ######  ######
     ##        ##  ##    ##  ##       ##     ## ##     ##       ## ##
     ##       #### ##     ## ######## ########  ##     ##  ######  ########

You're about to initialize a Firebase project in this directory:

  C:\Users\Viroj\Documents\CUCedt\softwareEng\GitHubActionPractice

Before we get started, keep in mind:

  * You are initializing within an existing Firebase project directory

[info] 
=== Account Setup
[info] 
[info] Which account do you want to use for this project? Choose an account or add a new one now
[info] 
[debug] [2024-04-24T17:07:43.565Z] setProjectAccount(C:\Users\Viroj\Documents\CUCedt\softwareEng\GitHubActionPractice, zumachang54@gmail.com)
[info] 
[info] +  Using account: zumachang54@gmail.com 
[info] 
=== Project Setup
[info] 
[info] First, let's associate this project directory with a Firebase project.
[info] You can create multiple project aliases by running firebase use --add, 
[info] but for now we'll just set up a default project.
[info] 
[debug] [2024-04-24T17:07:43.576Z] Using project from CLI flag: hosting:github
[debug] [2024-04-24T17:07:43.578Z] > refreshing access token with scopes: []
[debug] [2024-04-24T17:07:43.580Z] >>> [apiv2][query] POST https://www.googleapis.com/oauth2/v3/token [none]
[debug] [2024-04-24T17:07:43.580Z] >>> [apiv2][body] POST https://www.googleapis.com/oauth2/v3/token [omitted]
[debug] [2024-04-24T17:07:43.785Z] <<< [apiv2][status] POST https://www.googleapis.com/oauth2/v3/token 200
[debug] [2024-04-24T17:07:43.786Z] <<< [apiv2][body] POST https://www.googleapis.com/oauth2/v3/token [omitted]
[debug] [2024-04-24T17:07:43.793Z] >>> [apiv2][query] GET https://firebase.googleapis.com/v1beta1/projects/hosting:github [none]
[debug] [2024-04-24T17:07:44.600Z] <<< [apiv2][status] GET https://firebase.googleapis.com/v1beta1/projects/hosting:github 403
[debug] [2024-04-24T17:07:44.601Z] <<< [apiv2][body] GET https://firebase.googleapis.com/v1beta1/projects/hosting:github {"error":{"code":403,"message":"The caller does not have permission","status":"PERMISSION_DENIED"}}
[debug] [2024-04-24T17:07:44.601Z] HTTP Error: 403, The caller does not have permission
[debug] [2024-04-24T17:07:44.720Z] FirebaseError: HTTP Error: 403, The caller does not have permission
    at responseToError (C:\Users\Viroj\Documents\CUCedt\softwareEng\GitHubActionPractice\node_modules\firebase-tools\lib\responseToError.js:49:12)
    at RetryOperation._fn (C:\Users\Viroj\Documents\CUCedt\softwareEng\GitHubActionPractice\node_modules\firebase-tools\lib\apiv2.js:299:77)
    at process.processTicksAndRejections (node:internal/process/task_queues:95:5)
[error] 
[error] Error: Failed to get Firebase project hosting:github. Please make sure the project exists and your account has permission to access it.
[debug] [2024-04-24T17:08:50.921Z] ----------------------------------------------------------------------
[debug] [2024-04-24T17:08:50.923Z] Command:       C:\Program Files\nodejs\node.exe C:\Users\Viroj\Documents\CUCedt\softwareEng\GitHubActionPractice\node_modules\firebase-tools\lib\bin\firebase.js init
[debug] [2024-04-24T17:08:50.924Z] CLI Version:   13.7.4
[debug] [2024-04-24T17:08:50.924Z] Platform:      win32
[debug] [2024-04-24T17:08:50.924Z] Node Version:  v20.11.1
[debug] [2024-04-24T17:08:50.924Z] Time:          Thu Apr 25 2024 00:08:50 GMT+0700 (Indochina Time)
[debug] [2024-04-24T17:08:50.924Z] ----------------------------------------------------------------------
[debug] 
[debug] [2024-04-24T17:08:51.008Z] > command requires scopes: ["email","openid","https://www.googleapis.com/auth/cloudplatformprojects.readonly","https://www.googleapis.com/auth/firebase","https://www.googleapis.com/auth/cloud-platform"]
[debug] [2024-04-24T17:08:51.009Z] > authorizing via signed-in user (zumachang54@gmail.com)
[info] 
     ######## #### ########  ######## ########     ###     ######  ########
     ##        ##  ##     ## ##       ##     ##  ##   ##  ##       ##
     ######    ##  ########  ######   ########  #########  ######  ######
     ##        ##  ##    ##  ##       ##     ## ##     ##       ## ##
     ##       #### ##     ## ######## ########  ##     ##  ######  ########

You're about to initialize a Firebase project in this directory:

  C:\Users\Viroj\Documents\CUCedt\softwareEng\GitHubActionPractice

Before we get started, keep in mind:

  * You are initializing within an existing Firebase project directory

[info] 
=== Account Setup
[info] 
[info] Which account do you want to use for this project? Choose an account or add a new one now
[info] 
[debug] [2024-04-24T17:08:56.663Z] setProjectAccount(C:\Users\Viroj\Documents\CUCedt\softwareEng\GitHubActionPractice, 6633243421@student.chula.ac.th)
[info] 
[info] +  Using account: 6633243421@student.chula.ac.th 
[info] 
=== Project Setup
[info] 
[info] First, let's associate this project directory with a Firebase project.
[info] You can create multiple project aliases by running firebase use --add, 
[info] but for now we'll just set up a default project.
[info] 
[debug] [2024-04-24T17:08:56.673Z] Using project from CLI flag: hosting:github
[debug] [2024-04-24T17:08:56.675Z] >>> [apiv2][query] GET https://firebase.googleapis.com/v1beta1/projects/hosting:github [none]
[debug] [2024-04-24T17:08:57.317Z] <<< [apiv2][status] GET https://firebase.googleapis.com/v1beta1/projects/hosting:github 403
[debug] [2024-04-24T17:08:57.318Z] <<< [apiv2][body] GET https://firebase.googleapis.com/v1beta1/projects/hosting:github {"error":{"code":403,"message":"The caller does not have permission","status":"PERMISSION_DENIED"}}
[debug] [2024-04-24T17:08:57.318Z] HTTP Error: 403, The caller does not have permission
[debug] [2024-04-24T17:08:57.442Z] FirebaseError: HTTP Error: 403, The caller does not have permission
    at responseToError (C:\Users\Viroj\Documents\CUCedt\softwareEng\GitHubActionPractice\node_modules\firebase-tools\lib\responseToError.js:49:12)
    at RetryOperation._fn (C:\Users\Viroj\Documents\CUCedt\softwareEng\GitHubActionPractice\node_modules\firebase-tools\lib\apiv2.js:299:77)
    at process.processTicksAndRejections (node:internal/process/task_queues:95:5)
[error] 
[error] Error: Failed to get Firebase project hosting:github. Please make sure the project exists and your account has permission to access it.
